This is pdfTeX, Version 3.14159265-2.6-1.40.18 (TeX Live 2017) (preloaded format=pdflatex 2017.5.23)  22 JAN 2018 18:42
entering extended mode
 restricted \write18 enabled.
 %&-line parsing enabled.
**LeddaM_cv.tex
(./LeddaM_cv.tex
LaTeX2e <2017-04-15>
Babel <3.10> and hyphenation patterns for 84 language(s) loaded.
(./CV.cls (/usr/local/texlive/2017/texmf-dist/tex/latex/base/article.cls
Document Class: article 2014/09/29 v1.4h Standard LaTeX document class
(/usr/local/texlive/2017/texmf-dist/tex/latex/base/size10.clo
File: size10.clo 2014/09/29 v1.4h Standard LaTeX file (size option)
)
\c@part=\count79
\c@section=\count80
\c@subsection=\count81
\c@subsubsection=\count82
\c@paragraph=\count83
\c@subparagraph=\count84
\c@figure=\count85
\c@table=\count86
\abovecaptionskip=\skip41
\belowcaptionskip=\skip42
\bibindent=\dimen102
)
(/usr/local/texlive/2017/texmf-dist/tex/latex/amsmath/amstext.sty
Package: amstext 2000/06/29 v2.01 AMS text

(/usr/local/texlive/2017/texmf-dist/tex/latex/amsmath/amsgen.sty
File: amsgen.sty 1999/11/30 v2.0 generic functions
\@emptytoks=\toks14
\ex@=\dimen103
))
(/usr/local/texlive/2017/texmf-dist/tex/latex/tools/multicol.sty
Package: multicol 2017/04/11 v1.8q multicolumn formatting (FMi)
\c@tracingmulticols=\count87
\mult@box=\box26
\multicol@leftmargin=\dimen104
\c@unbalance=\count88
\c@collectmore=\count89
\doublecol@number=\count90
\multicoltolerance=\count91
\multicolpretolerance=\count92
\full@width=\dimen105
\page@free=\dimen106
\premulticols=\dimen107
\postmulticols=\dimen108
\multicolsep=\skip43
\multicolbaselineskip=\skip44
\partial@page=\box27
\last@line=\box28
\maxbalancingoverflow=\dimen109
\mult@rightbox=\box29
\mult@grightbox=\box30
\mult@gfirstbox=\box31
\mult@firstbox=\box32
\@tempa=\box33
\@tempa=\box34
\@tempa=\box35
\@tempa=\box36
\@tempa=\box37
\@tempa=\box38
\@tempa=\box39
\@tempa=\box40
\@tempa=\box41
\@tempa=\box42
\@tempa=\box43
\@tempa=\box44
\@tempa=\box45
\@tempa=\box46
\@tempa=\box47
\@tempa=\box48
\@tempa=\box49
\c@columnbadness=\count93
\c@finalcolumnbadness=\count94
\last@try=\dimen110
\multicolovershoot=\dimen111
\multicolundershoot=\dimen112
\mult@nat@firstbox=\box50
\colbreak@box=\box51
\mc@col@check@num=\count95
)
(/usr/local/texlive/2017/texmf-dist/tex/latex/enumitem/enumitem.sty
Package: enumitem 2011/09/28 v3.5.2 Customized lists
\enitkv@toks@=\toks15
\labelindent=\skip45
\enit@outerparindent=\dimen113
\enit@toks=\toks16
\enit@inbox=\box52
\enitdp@description=\count96
)
(/usr/local/texlive/2017/texmf-dist/tex/latex/tabto-ltx/tabto.sty
Package: tabto 2013/03/25  v 1.3  Another tabbing mechanism
\CurrentLineWidth=\dimen114
)
(/usr/local/texlive/2017/texmf-dist/tex/latex/geometry/geometry.sty
Package: geometry 2010/09/12 v5.6 Page Geometry

(/usr/local/texlive/2017/texmf-dist/tex/latex/graphics/keyval.sty
Package: keyval 2014/10/28 v1.15 key=value parser (DPC)
\KV@toks@=\toks17
)
(/usr/local/texlive/2017/texmf-dist/tex/generic/oberdiek/ifpdf.sty
Package: ifpdf 2017/03/15 v3.2 Provides the ifpdf switch
)
(/usr/local/texlive/2017/texmf-dist/tex/generic/oberdiek/ifvtex.sty
Package: ifvtex 2016/05/16 v1.6 Detect VTeX and its facilities (HO)
Package ifvtex Info: VTeX not detected.
)
(/usr/local/texlive/2017/texmf-dist/tex/generic/ifxetex/ifxetex.sty
Package: ifxetex 2010/09/12 v0.6 Provides ifxetex conditional
)
\Gm@cnth=\count97
\Gm@cntv=\count98
\c@Gm@tempcnt=\count99
\Gm@bindingoffset=\dimen115
\Gm@wd@mp=\dimen116
\Gm@odd@mp=\dimen117
\Gm@even@mp=\dimen118
\Gm@layoutwidth=\dimen119
\Gm@layoutheight=\dimen120
\Gm@layouthoffset=\dimen121
\Gm@layoutvoffset=\dimen122
\Gm@dimlist=\toks18
)
(/usr/local/texlive/2017/texmf-dist/tex/latex/fancyhdr/fancyhdr.sty
Package: fancyhdr 2016/09/06 3.8 Extensive control of page headers and footers
\fancy@headwidth=\skip46
\f@ncyO@elh=\skip47
\f@ncyO@erh=\skip48
\f@ncyO@olh=\skip49
\f@ncyO@orh=\skip50
\f@ncyO@elf=\skip51
\f@ncyO@erf=\skip52
\f@ncyO@olf=\skip53
\f@ncyO@orf=\skip54
)
(/usr/local/texlive/2017/texmf-dist/tex/latex/lastpage/lastpage.sty
Package: lastpage 2015/03/29 v1.2m Refers to last page's name (HMM; JPG)
)
(/usr/local/texlive/2017/texmf-dist/tex/latex/xcolor/xcolor.sty
Package: xcolor 2016/05/11 v2.12 LaTeX color extensions (UK)

(/usr/local/texlive/2017/texmf-dist/tex/latex/graphics-cfg/color.cfg
File: color.cfg 2016/01/02 v1.6 sample color configuration
)
Package xcolor Info: Driver file: pdftex.def on input line 225.

(/usr/local/texlive/2017/texmf-dist/tex/latex/graphics-def/pdftex.def
File: pdftex.def 2017/01/12 v0.06k Graphics/color for pdfTeX

(/usr/local/texlive/2017/texmf-dist/tex/generic/oberdiek/infwarerr.sty
Package: infwarerr 2016/05/16 v1.4 Providing info/warning/error messages (HO)
)
(/usr/local/texlive/2017/texmf-dist/tex/generic/oberdiek/ltxcmds.sty
Package: ltxcmds 2016/05/16 v1.23 LaTeX kernel commands for general use (HO)
)
\Gread@gobject=\count100
)
Package xcolor Info: Model `cmy' substituted by `cmy0' on input line 1348.
Package xcolor Info: Model `hsb' substituted by `rgb' on input line 1352.
Package xcolor Info: Model `RGB' extended on input line 1364.
Package xcolor Info: Model `HTML' substituted by `rgb' on input line 1366.
Package xcolor Info: Model `Hsb' substituted by `hsb' on input line 1367.
Package xcolor Info: Model `tHsb' substituted by `hsb' on input line 1368.
Package xcolor Info: Model `HSB' substituted by `hsb' on input line 1369.
Package xcolor Info: Model `Gray' substituted by `gray' on input line 1370.
Package xcolor Info: Model `wave' substituted by `hsb' on input line 1371.

(/usr/local/texlive/2017/texmf-dist/tex/latex/graphics/dvipsnam.def
File: dvipsnam.def 2016/06/17 v3.0m Driver-dependent file (DPC,SPQR)
))
(/usr/local/texlive/2017/texmf-dist/tex/latex/titlesec/titlesec.sty
Package: titlesec 2016/03/21 v2.10.2 Sectioning titles
\ttl@box=\box53
\beforetitleunit=\skip55
\aftertitleunit=\skip56
\ttl@plus=\dimen123
\ttl@minus=\dimen124
\ttl@toksa=\toks19
\titlewidth=\dimen125
\titlewidthlast=\dimen126
\titlewidthfirst=\dimen127
)
(/usr/local/texlive/2017/texmf-dist/tex/latex/marginnote/marginnote.sty
Package: marginnote 2017/04/22 v1.2b non floating margin notes for LaTeX
\c@mn@abspage=\count101
)
(/usr/local/texlive/2017/texmf-dist/tex/latex/hyperref/hyperref.sty
Package: hyperref 2017/03/14 v6.85a Hypertext links for LaTeX

(/usr/local/texlive/2017/texmf-dist/tex/generic/oberdiek/hobsub-hyperref.sty
Package: hobsub-hyperref 2016/05/16 v1.14 Bundle oberdiek, subset hyperref (HO)


(/usr/local/texlive/2017/texmf-dist/tex/generic/oberdiek/hobsub-generic.sty
Package: hobsub-generic 2016/05/16 v1.14 Bundle oberdiek, subset generic (HO)
Package: hobsub 2016/05/16 v1.14 Construct package bundles (HO)
Package hobsub Info: Skipping package `infwarerr' (already loaded).
Package hobsub Info: Skipping package `ltxcmds' (already loaded).
Package: ifluatex 2016/05/16 v1.4 Provides the ifluatex switch (HO)
Package ifluatex Info: LuaTeX not detected.
Package hobsub Info: Skipping package `ifvtex' (already loaded).
Package: intcalc 2016/05/16 v1.2 Expandable calculations with integers (HO)
Package hobsub Info: Skipping package `ifpdf' (already loaded).
Package: etexcmds 2016/05/16 v1.6 Avoid name clashes with e-TeX commands (HO)
Package etexcmds Info: Could not find \expanded.
(etexcmds)             That can mean that you are not using pdfTeX 1.50 or
(etexcmds)             that some package has redefined \expanded.
(etexcmds)             In the latter case, load this package earlier.
Package: kvsetkeys 2016/05/16 v1.17 Key value parser (HO)
Package: kvdefinekeys 2016/05/16 v1.4 Define keys (HO)
Package: pdftexcmds 2017/03/19 v0.25 Utility functions of pdfTeX for LuaTeX (HO
)
Package pdftexcmds Info: LuaTeX not detected.
Package pdftexcmds Info: \pdf@primitive is available.
Package pdftexcmds Info: \pdf@ifprimitive is available.
Package pdftexcmds Info: \pdfdraftmode found.
Package: pdfescape 2016/05/16 v1.14 Implements pdfTeX's escape features (HO)
Package: bigintcalc 2016/05/16 v1.4 Expandable calculations on big integers (HO
)
Package: bitset 2016/05/16 v1.2 Handle bit-vector datatype (HO)
Package: uniquecounter 2016/05/16 v1.3 Provide unlimited unique counter (HO)
)
Package hobsub Info: Skipping package `hobsub' (already loaded).
Package: letltxmacro 2016/05/16 v1.5 Let assignment for LaTeX macros (HO)
Package: hopatch 2016/05/16 v1.3 Wrapper for package hooks (HO)
Package: xcolor-patch 2016/05/16 xcolor patch
Package: atveryend 2016/05/16 v1.9 Hooks at the very end of document (HO)
Package atveryend Info: \enddocument detected (standard20110627).
Package: atbegshi 2016/06/09 v1.18 At begin shipout hook (HO)
Package: refcount 2016/05/16 v3.5 Data extraction from label references (HO)
Package: hycolor 2016/05/16 v1.8 Color options for hyperref/bookmark (HO)
)
(/usr/local/texlive/2017/texmf-dist/tex/latex/oberdiek/auxhook.sty
Package: auxhook 2016/05/16 v1.4 Hooks for auxiliary files (HO)
)
(/usr/local/texlive/2017/texmf-dist/tex/latex/oberdiek/kvoptions.sty
Package: kvoptions 2016/05/16 v3.12 Key value format for package options (HO)
)
\@linkdim=\dimen128
\Hy@linkcounter=\count102
\Hy@pagecounter=\count103

(/usr/local/texlive/2017/texmf-dist/tex/latex/hyperref/pd1enc.def
File: pd1enc.def 2017/03/14 v6.85a Hyperref: PDFDocEncoding definition (HO)
)
\Hy@SavedSpaceFactor=\count104

(/usr/local/texlive/2017/texmf-dist/tex/latex/latexconfig/hyperref.cfg
File: hyperref.cfg 2002/06/06 v1.2 hyperref configuration of TeXLive
)
Package hyperref Info: Option `bookmarks' set `true' on input line 4374.
Package hyperref Info: Option `colorlinks' set `true' on input line 4374.
Package hyperref Info: Option `breaklinks' set `true' on input line 4374.
Package hyperref Info: Hyper figures OFF on input line 4498.
Package hyperref Info: Link nesting OFF on input line 4503.
Package hyperref Info: Hyper index ON on input line 4506.
Package hyperref Info: Plain pages OFF on input line 4513.
Package hyperref Info: Backreferencing OFF on input line 4518.
Package hyperref Info: Implicit mode ON; LaTeX internals redefined.
Package hyperref Info: Bookmarks ON on input line 4751.
\c@Hy@tempcnt=\count105

(/usr/local/texlive/2017/texmf-dist/tex/latex/url/url.sty
\Urlmuskip=\muskip10
Package: url 2013/09/16  ver 3.4  Verb mode for urls, etc.
)
LaTeX Info: Redefining \url on input line 5104.
\XeTeXLinkMargin=\dimen129
\Fld@menulength=\count106
\Field@Width=\dimen130
\Fld@charsize=\dimen131
Package hyperref Info: Hyper figures OFF on input line 6358.
Package hyperref Info: Link nesting OFF on input line 6363.
Package hyperref Info: Hyper index ON on input line 6366.
Package hyperref Info: backreferencing OFF on input line 6373.
Package hyperref Info: Link coloring ON on input line 6376.
Package hyperref Info: Link coloring with OCG OFF on input line 6383.
Package hyperref Info: PDF/A mode OFF on input line 6388.
LaTeX Info: Redefining \ref on input line 6428.
LaTeX Info: Redefining \pageref on input line 6432.
\Hy@abspage=\count107
\c@Item=\count108
\c@Hfootnote=\count109
)

Package hyperref Message: Driver (autodetected): hpdftex.

(/usr/local/texlive/2017/texmf-dist/tex/latex/hyperref/hpdftex.def
File: hpdftex.def 2017/03/14 v6.85a Hyperref driver for pdfTeX
\Fld@listcount=\count110
\c@bookmark@seq@number=\count111

(/usr/local/texlive/2017/texmf-dist/tex/latex/oberdiek/rerunfilecheck.sty
Package: rerunfilecheck 2016/05/16 v1.8 Rerun checks for auxiliary files (HO)
Package uniquecounter Info: New unique counter `rerunfilecheck' on input line 2
82.
)
\Hy@SectionHShift=\skip57
)
(/usr/local/texlive/2017/texmf-dist/tex/latex/l3packages/xparse/xparse.sty
(/usr/local/texlive/2017/texmf-dist/tex/latex/l3kernel/expl3.sty
Package: expl3 2017/05/13 L3 programming layer (loader) 

(/usr/local/texlive/2017/texmf-dist/tex/latex/l3kernel/expl3-code.tex
Package: expl3 2017/05/13 L3 programming layer (code)
\c_max_int=\count112
\l_tmpa_int=\count113
\l_tmpb_int=\count114
\g_tmpa_int=\count115
\g_tmpb_int=\count116
\g__prg_map_int=\count117
\c_log_iow=\count118
\l_iow_line_count_int=\count119
\l__iow_line_target_int=\count120
\l__iow_one_indent_int=\count121
\l__iow_indent_int=\count122
\c_zero_dim=\dimen132
\c_max_dim=\dimen133
\l_tmpa_dim=\dimen134
\l_tmpb_dim=\dimen135
\g_tmpa_dim=\dimen136
\g_tmpb_dim=\dimen137
\c_zero_skip=\skip58
\c_max_skip=\skip59
\l_tmpa_skip=\skip60
\l_tmpb_skip=\skip61
\g_tmpa_skip=\skip62
\g_tmpb_skip=\skip63
\c_zero_muskip=\muskip11
\c_max_muskip=\muskip12
\l_tmpa_muskip=\muskip13
\l_tmpb_muskip=\muskip14
\g_tmpa_muskip=\muskip15
\g_tmpb_muskip=\muskip16
\l_keys_choice_int=\count123
\c__fp_leading_shift_int=\count124
\c__fp_middle_shift_int=\count125
\c__fp_trailing_shift_int=\count126
\c__fp_big_leading_shift_int=\count127
\c__fp_big_middle_shift_int=\count128
\c__fp_big_trailing_shift_int=\count129
\c__fp_Bigg_leading_shift_int=\count130
\c__fp_Bigg_middle_shift_int=\count131
\c__fp_Bigg_trailing_shift_int=\count132
\c__fp_rand_size_int=\count133
\c__fp_rand_four_int=\count134
\c__fp_rand_eight_int=\count135
\l__sort_length_int=\count136
\l__sort_min_int=\count137
\l__sort_top_int=\count138
\l__sort_max_int=\count139
\l__sort_true_max_int=\count140
\l__sort_block_int=\count141
\l__sort_begin_int=\count142
\l__sort_end_int=\count143
\l__sort_A_int=\count144
\l__sort_B_int=\count145
\l__sort_C_int=\count146
\c_empty_box=\box54
\l_tmpa_box=\box55
\l_tmpb_box=\box56
\g_tmpa_box=\box57
\g_tmpb_box=\box58
\l__box_top_dim=\dimen138
\l__box_bottom_dim=\dimen139
\l__box_left_dim=\dimen140
\l__box_right_dim=\dimen141
\l__box_top_new_dim=\dimen142
\l__box_bottom_new_dim=\dimen143
\l__box_left_new_dim=\dimen144
\l__box_right_new_dim=\dimen145
\l__box_internal_box=\box59
\l__coffin_internal_box=\box60
\l__coffin_internal_dim=\dimen146
\l__coffin_offset_x_dim=\dimen147
\l__coffin_offset_y_dim=\dimen148
\l__coffin_x_dim=\dimen149
\l__coffin_y_dim=\dimen150
\l__coffin_x_prime_dim=\dimen151
\l__coffin_y_prime_dim=\dimen152
\c_empty_coffin=\box61
\l__coffin_aligned_coffin=\box62
\l__coffin_aligned_internal_coffin=\box63
\l_tmpa_coffin=\box64
\l_tmpb_coffin=\box65
\l__coffin_display_coffin=\box66
\l__coffin_display_coord_coffin=\box67
\l__coffin_display_pole_coffin=\box68
\l__coffin_display_offset_dim=\dimen153
\l__coffin_display_x_dim=\dimen154
\l__coffin_display_y_dim=\dimen155
\l__coffin_bounding_shift_dim=\dimen156
\l__coffin_left_corner_dim=\dimen157
\l__coffin_right_corner_dim=\dimen158
\l__coffin_bottom_corner_dim=\dimen159
\l__coffin_top_corner_dim=\dimen160
\l__coffin_scaled_total_height_dim=\dimen161
\l__coffin_scaled_width_dim=\dimen162
)
(/usr/local/texlive/2017/texmf-dist/tex/latex/l3kernel/l3pdfmode.def
File: l3pdfmode.def 2017/03/18 v L3 Experimental driver: PDF mode
\l__driver_color_stack_int=\count147
\l__driver_tmp_box=\box69
))
Package: xparse 2017/05/13 L3 Experimental document command parser
\l__xparse_current_arg_int=\count148
\g__xparse_grabber_int=\count149
\l__xparse_m_args_int=\count150
\l__xparse_mandatory_args_int=\count151
\l__xparse_v_nesting_int=\count152
)
.................................................
. LaTeX info: "xparse/define-command"
. 
. Defining command \experience with sig. ' m m m g ' on line 125.
.................................................
.................................................
. LaTeX info: "xparse/define-command"
. 
. Defining command \pubArticle with sig. ' m m m m m g ' on line 143.
.................................................
)
(./LeddaM_cv.aux)
\openout1 = `LeddaM_cv.aux'.

LaTeX Font Info:    Checking defaults for OML/cmm/m/it on input line 5.
LaTeX Font Info:    ... okay on input line 5.
LaTeX Font Info:    Checking defaults for T1/cmr/m/n on input line 5.
LaTeX Font Info:    ... okay on input line 5.
LaTeX Font Info:    Checking defaults for OT1/cmr/m/n on input line 5.
LaTeX Font Info:    ... okay on input line 5.
LaTeX Font Info:    Checking defaults for OMS/cmsy/m/n on input line 5.
LaTeX Font Info:    ... okay on input line 5.
LaTeX Font Info:    Checking defaults for OMX/cmex/m/n on input line 5.
LaTeX Font Info:    ... okay on input line 5.
LaTeX Font Info:    Checking defaults for U/cmr/m/n on input line 5.
LaTeX Font Info:    ... okay on input line 5.
LaTeX Font Info:    Checking defaults for PD1/pdf/m/n on input line 5.
LaTeX Font Info:    ... okay on input line 5.

*geometry* driver: auto-detecting
*geometry* detected driver: pdftex
*geometry* verbose mode - [ preamble ] result:
* driver: pdftex
* paper: a4paper
* layout: <same size as paper>
* layoutoffset:(h,v)=(0.0pt,0.0pt)
* modes: 
* h-part:(L,W,R)=(81.94394pt, 433.62pt, 81.94394pt)
* v-part:(T,H,B)=(48.93872pt, 722.7pt, 73.40813pt)
* \paperwidth=597.50787pt
* \paperheight=845.04684pt
* \textwidth=433.62pt
* \textheight=722.7pt
* \oddsidemargin=9.67395pt
* \evensidemargin=9.67395pt
* \topmargin=-60.33127pt
* \headheight=12.0pt
* \headsep=25.0pt
* \topskip=10.0pt
* \footskip=30.0pt
* \marginparwidth=36.135pt
* \marginparsep=7.0pt
* \columnsep=10.0pt
* \skip\footins=9.0pt plus 4.0pt minus 2.0pt
* \hoffset=0.0pt
* \voffset=0.0pt
* \mag=1000
* \@twocolumnfalse
* \@twosidefalse
* \@mparswitchfalse
* \@reversemargintrue
* (1in=72.27pt=25.4mm, 1cm=28.453pt)

Package lastpage Info: Please have a look at the pageslts package at
(lastpage)             https://www.ctan.org/pkg/pageslts
(lastpage)             ! on input line 5.
(/usr/local/texlive/2017/texmf-dist/tex/context/base/mkii/supp-pdf.mkii
[Loading MPS to PDF converter (version 2006.09.02).]
\scratchcounter=\count153
\scratchdimen=\dimen163
\scratchbox=\box70
\nofMPsegments=\count154
\nofMParguments=\count155
\everyMPshowfont=\toks20
\MPscratchCnt=\count156
\MPscratchDim=\dimen164
\MPnumerator=\count157
\makeMPintoPDFobject=\count158
\everyMPtoPDFconversion=\toks21
)
Package marginnote Info: \pdfoutput not 0 or unimportant and
(marginnote)             \pdflastxpos or \lastxpos available.
(marginnote)             Extended position detection mode activated.
\AtBeginShipoutBox=\box71
Package hyperref Info: Link coloring ON on input line 5.
 (/usr/local/texlive/2017/texmf-dist/tex/latex/hyperref/nameref.sty
Package: nameref 2016/05/21 v2.44 Cross-referencing by name of section

(/usr/local/texlive/2017/texmf-dist/tex/generic/oberdiek/gettitlestring.sty
Package: gettitlestring 2016/05/16 v1.5 Cleanup title references (HO)
)
\c@section@level=\count159
)
LaTeX Info: Redefining \ref on input line 5.
LaTeX Info: Redefining \pageref on input line 5.
LaTeX Info: Redefining \nameref on input line 5.

(./LeddaM_cv.out) (./LeddaM_cv.out)
\@outlinefile=\write3
\openout3 = `LeddaM_cv.out'.

Package marginnote Info: Margin note 1.1 is on absolute page 1
(marginnote)              on input line 36.
Package marginnote Info: right page because not two side mode on input line 36.

Package marginnote Info: xpos seems to be 81.94394pt,
(marginnote)             \marginnoteleftadjust ignored on input line 36.

Underfull \hbox (badness 10000) in paragraph at lines 36--37

 []

Package marginnote Info: Margin note 1.2 is on absolute page 1
(marginnote)              on input line 42.
Package marginnote Info: right page because not two side mode on input line 42.

Package marginnote Info: xpos seems to be 81.94394pt,
(marginnote)             \marginnoteleftadjust ignored on input line 42.
Package marginnote Info: Margin note 1.3 is on absolute page 1
(marginnote)              on input line 43.
Package marginnote Info: right page because not two side mode on input line 43.

Package marginnote Info: xpos seems to be 81.94394pt,
(marginnote)             \marginnoteleftadjust ignored on input line 43.
Package marginnote Info: Margin note 1.4 is on absolute page 1
(marginnote)              on input line 44.
Package marginnote Info: right page because not two side mode on input line 44.

Package marginnote Info: xpos seems to be 81.94394pt,
(marginnote)             \marginnoteleftadjust ignored on input line 44.

Underfull \hbox (badness 10000) in paragraph at lines 44--45

 []

Package marginnote Info: Margin note 1.5 is on absolute page 1
(marginnote)              on input line 50.
Package marginnote Info: right page because not two side mode on input line 50.

Package marginnote Info: xpos seems to be 81.94394pt,
(marginnote)             \marginnoteleftadjust ignored on input line 50.
LaTeX Font Info:    External font `cmex10' loaded for size
(Font)              <7> on input line 50.
LaTeX Font Info:    External font `cmex10' loaded for size
(Font)              <5> on input line 50.
Package marginnote Info: Margin note 1.6 is on absolute page 1
(marginnote)              on input line 51.
Package marginnote Info: right page because not two side mode on input line 51.

Package marginnote Info: xpos seems to be 81.94394pt,
(marginnote)             \marginnoteleftadjust ignored on input line 51.
Package marginnote Info: Margin note 1.7 is on absolute page 1
(marginnote)              on input line 52.
Package marginnote Info: right page because not two side mode on input line 52.

Package marginnote Info: xpos seems to be 81.94394pt,
(marginnote)             \marginnoteleftadjust ignored on input line 52.
Package marginnote Info: Margin note 1.8 is on absolute page 1
(marginnote)              on input line 53.
Package marginnote Info: right page because not two side mode on input line 53.

Package marginnote Info: xpos seems to be 81.94394pt,
(marginnote)             \marginnoteleftadjust ignored on input line 53.
Missing character: There is no á in font cmr10!
Package marginnote Info: Margin note 1.9 is on absolute page 1
(marginnote)              on input line 54.
Package marginnote Info: right page because not two side mode on input line 54.

Package marginnote Info: xpos seems to be 81.94394pt,
(marginnote)             \marginnoteleftadjust ignored on input line 54.
Package marginnote Info: Margin note 1.10 is on absolute page 1
(marginnote)              on input line 55.
Package marginnote Info: right page because not two side mode on input line 55.

Package marginnote Info: xpos seems to be 81.94394pt,
(marginnote)             \marginnoteleftadjust ignored on input line 55.
Package marginnote Info: Margin note 1.11 is on absolute page 1
(marginnote)              on input line 56.
Package marginnote Info: right page because not two side mode on input line 56.

Package marginnote Info: xpos seems to be 81.94394pt,
(marginnote)             \marginnoteleftadjust ignored on input line 56.
Package marginnote Info: Margin note 1.12 is on absolute page 1
(marginnote)              on input line 57.
Package marginnote Info: right page because not two side mode on input line 57.

Package marginnote Info: xpos seems to be 81.94394pt,
(marginnote)             \marginnoteleftadjust ignored on input line 57.
Package marginnote Info: Margin note 1.13 is on absolute page 1
(marginnote)              on input line 58.
Package marginnote Info: right page because not two side mode on input line 58.

Package marginnote Info: xpos seems to be 81.94394pt,
(marginnote)             \marginnoteleftadjust ignored on input line 58.

Underfull \hbox (badness 10000) in paragraph at lines 50--59

 []

[1

{/usr/local/texlive/2017/texmf-var/fonts/map/pdftex/updmap/pdftex.map}]
Package marginnote Info: Margin note 2.1 is on absolute page 2
(marginnote)              on input line 70.
Package marginnote Info: right page because not two side mode on input line 70.

Package marginnote Info: xpos seems to be 81.94394pt,
(marginnote)             \marginnoteleftadjust ignored on input line 70.
Package marginnote Info: Margin note 2.2 is on absolute page 2
(marginnote)              on input line 71.
Package marginnote Info: right page because not two side mode on input line 71.

Package marginnote Info: xpos seems to be 81.94394pt,
(marginnote)             \marginnoteleftadjust ignored on input line 71.

Underfull \hbox (badness 10000) in paragraph at lines 70--72

 []

Package marginnote Info: Margin note 2.3 is on absolute page 2
(marginnote)              on input line 76.
Package marginnote Info: right page because not two side mode on input line 76.

Package marginnote Info: xpos seems to be 81.94394pt,
(marginnote)             \marginnoteleftadjust ignored on input line 76.
Package marginnote Info: Margin note 2.4 is on absolute page 2
(marginnote)              on input line 77.
Package marginnote Info: right page because not two side mode on input line 77.

Package marginnote Info: xpos seems to be 81.94394pt,
(marginnote)             \marginnoteleftadjust ignored on input line 77.
Package marginnote Info: Margin note 2.5 is on absolute page 2
(marginnote)              on input line 78.
Package marginnote Info: right page because not two side mode on input line 78.

Package marginnote Info: xpos seems to be 81.94394pt,
(marginnote)             \marginnoteleftadjust ignored on input line 78.

Underfull \hbox (badness 10000) in paragraph at lines 76--79

 []

Package marginnote Info: Margin note 2.6 is on absolute page 2
(marginnote)              on input line 83.
Package marginnote Info: right page because not two side mode on input line 83.

Package marginnote Info: xpos seems to be 81.94394pt,
(marginnote)             \marginnoteleftadjust ignored on input line 83.
Package marginnote Info: Margin note 2.7 is on absolute page 2
(marginnote)              on input line 84.
Package marginnote Info: right page because not two side mode on input line 84.

Package marginnote Info: xpos seems to be 81.94394pt,
(marginnote)             \marginnoteleftadjust ignored on input line 84.
Package marginnote Info: Margin note 2.8 is on absolute page 2
(marginnote)              on input line 85.
Package marginnote Info: right page because not two side mode on input line 85.

Package marginnote Info: xpos seems to be 81.94394pt,
(marginnote)             \marginnoteleftadjust ignored on input line 85.
Package marginnote Info: Margin note 2.9 is on absolute page 2
(marginnote)              on input line 86.
Package marginnote Info: right page because not two side mode on input line 86.

Package marginnote Info: xpos seems to be 81.94394pt,
(marginnote)             \marginnoteleftadjust ignored on input line 86.
Package marginnote Info: Margin note 2.10 is on absolute page 2
(marginnote)              on input line 87.
Package marginnote Info: right page because not two side mode on input line 87.

Package marginnote Info: xpos seems to be 81.94394pt,
(marginnote)             \marginnoteleftadjust ignored on input line 87.

Overfull \hbox (0.36345pt too wide) in paragraph at lines 83--88
|[]\OT1/cmr/m/sc/10 Guest Lec-turer \OT1/cmr/m/n/10 - \OT1/cmr/m/sc/10 Top-ics 
in Biomed-i-cal En-gi-neer-ing: Com-pu-ta-tional Ge-nomics (Upper-
 []


Overfull \hbox (1.61089pt too wide) in paragraph at lines 83--88
|[]\OT1/cmr/m/sc/10 Course de-vel-op-ment \OT1/cmr/m/n/10 - \OT1/cmr/m/sc/10 Qu
an-ti-ta-tive Ge-net-ics and Se-lec-tion The-ory (Grad-u-ate course
 []


Underfull \hbox (badness 10000) in paragraph at lines 83--88

 []

Package marginnote Info: Margin note 2.11 is on absolute page 2
(marginnote)              on input line 92.
Package marginnote Info: right page because not two side mode on input line 92.

Package marginnote Info: xpos seems to be 81.94394pt,
(marginnote)             \marginnoteleftadjust ignored on input line 92.
Package marginnote Info: Margin note 2.12 is on absolute page 2
(marginnote)              on input line 93.
Package marginnote Info: right page because not two side mode on input line 93.

Package marginnote Info: xpos seems to be 81.94394pt,
(marginnote)             \marginnoteleftadjust ignored on input line 93.
Package marginnote Info: Margin note 2.13 is on absolute page 2
(marginnote)              on input line 94.
Package marginnote Info: right page because not two side mode on input line 94.

Package marginnote Info: xpos seems to be 81.94394pt,
(marginnote)             \marginnoteleftadjust ignored on input line 94.
Package marginnote Info: Margin note 2.14 is on absolute page 3
(marginnote)              on input line 95.
Package marginnote Info: right page because not two side mode on input line 95.

Package marginnote Info: xpos seems to be 81.94394pt,
(marginnote)             \marginnoteleftadjust ignored on input line 95.
Package marginnote Info: Margin note 2.15 is on absolute page 3
(marginnote)              on input line 96.
Package marginnote Info: right page because not two side mode on input line 96.

Package marginnote Info: xpos seems to be 81.94394pt,
(marginnote)             \marginnoteleftadjust ignored on input line 96.
Package marginnote Info: Margin note 2.16 is on absolute page 3
(marginnote)              on input line 97.
Package marginnote Info: right page because not two side mode on input line 97.

Package marginnote Info: xpos seems to be 81.94394pt,
(marginnote)             \marginnoteleftadjust ignored on input line 97.
LaTeX Font Info:    External font `cmex10' loaded for size
(Font)              <8> on input line 97.
LaTeX Font Info:    External font `cmex10' loaded for size
(Font)              <6> on input line 97.
Package marginnote Info: Margin note 2.17 is on absolute page 3
(marginnote)              on input line 98.
Package marginnote Info: right page because not two side mode on input line 98.

Package marginnote Info: xpos seems to be 81.94394pt,
(marginnote)             \marginnoteleftadjust ignored on input line 98.
Package marginnote Info: Margin note 2.18 is on absolute page 3
(marginnote)              on input line 99.
Package marginnote Info: right page because not two side mode on input line 99.

Package marginnote Info: xpos seems to be 81.94394pt,
(marginnote)             \marginnoteleftadjust ignored on input line 99.

Underfull \hbox (badness 10000) in paragraph at lines 92--100

 []

[2]
Package marginnote Info: Margin note 3.1 is on absolute page 3
(marginnote)              on input line 115.
Package marginnote Info: right page because not two side mode on input line 115
.
Package marginnote Info: xpos seems to be 81.94394pt,
(marginnote)             \marginnoteleftadjust ignored on input line 115.
Package marginnote Info: Margin note 3.2 is on absolute page 3
(marginnote)              on input line 116.
Package marginnote Info: right page because not two side mode on input line 116
.
Package marginnote Info: xpos seems to be 81.94394pt,
(marginnote)             \marginnoteleftadjust ignored on input line 116.
Package marginnote Info: Margin note 3.3 is on absolute page 3
(marginnote)              on input line 117.
Package marginnote Info: right page because not two side mode on input line 117
.
Package marginnote Info: xpos seems to be 81.94394pt,
(marginnote)             \marginnoteleftadjust ignored on input line 117.

Underfull \hbox (badness 10000) in paragraph at lines 115--118

 []

Package marginnote Info: Margin note 3.4 is on absolute page 3
(marginnote)              on input line 141.
Package marginnote Info: right page because not two side mode on input line 141
.
Package marginnote Info: xpos seems to be 81.94394pt,
(marginnote)             \marginnoteleftadjust ignored on input line 141.
Package marginnote Info: Margin note 3.5 is on absolute page 3
(marginnote)              on input line 142.
Package marginnote Info: right page because not two side mode on input line 142
.
Package marginnote Info: xpos seems to be 81.94394pt,
(marginnote)             \marginnoteleftadjust ignored on input line 142.
Package marginnote Info: Margin note 3.6 is on absolute page 3
(marginnote)              on input line 143.
Package marginnote Info: right page because not two side mode on input line 143
.
Package marginnote Info: xpos seems to be 81.94394pt,
(marginnote)             \marginnoteleftadjust ignored on input line 143.

Underfull \hbox (badness 10000) in paragraph at lines 141--144

 []

Package marginnote Info: Margin note 3.7 is on absolute page 4
(marginnote)              on input line 148.
Package marginnote Info: right page because not two side mode on input line 148
.
Package marginnote Info: xpos seems to be 81.94394pt,
(marginnote)             \marginnoteleftadjust ignored on input line 148.
[3]
Package marginnote Info: Margin note 4.1 is on absolute page 4
(marginnote)              on input line 149.
Package marginnote Info: right page because not two side mode on input line 149
.
Package marginnote Info: xpos seems to be 81.94394pt,
(marginnote)             \marginnoteleftadjust ignored on input line 149.
Package marginnote Info: Margin note 4.2 is on absolute page 4
(marginnote)              on input line 150.
Package marginnote Info: right page because not two side mode on input line 150
.
Package marginnote Info: xpos seems to be 81.94394pt,
(marginnote)             \marginnoteleftadjust ignored on input line 150.
Package marginnote Info: Margin note 4.3 is on absolute page 4
(marginnote)              on input line 151.
Package marginnote Info: right page because not two side mode on input line 151
.
Package marginnote Info: xpos seems to be 81.94394pt,
(marginnote)             \marginnoteleftadjust ignored on input line 151.

Underfull \hbox (badness 10000) in paragraph at lines 148--152

 []


AED: lastpage setting LastPage
[4]
Package atveryend Info: Empty hook `BeforeClearDocument' on input line 153.
Package atveryend Info: Empty hook `AfterLastShipout' on input line 153.
 (./LeddaM_cv.aux)
Package atveryend Info: Executing hook `AtVeryEndDocument' on input line 153.
Package atveryend Info: Executing hook `AtEndAfterFileList' on input line 153.
Package rerunfilecheck Info: File `LeddaM_cv.out' has not changed.
(rerunfilecheck)             Checksum: D41D8CD98F00B204E9800998ECF8427E;0.
Package atveryend Info: Empty hook `AtVeryVeryEnd' on input line 153.
 ) 
Here is how much of TeX's memory you used:
 14039 strings out of 492995
 248630 string characters out of 6132704
 333992 words of memory out of 5000000
 17516 multiletter control sequences out of 15000+600000
 8515 words of font info for 30 fonts, out of 8000000 for 9000
 1141 hyphenation exceptions out of 8191
 39i,12n,45p,10407b,323s stack positions out of 5000i,500n,10000p,200000b,80000s
</usr/local/texlive/2017/texmf-dist/fonts/type1/public/amsfonts/cm/cmbx10.pfb
></usr/local/texlive/2017/texmf-dist/fonts/type1/public/amsfonts/cm/cmbx12.pfb>
</usr/local/texlive/2017/texmf-dist/fonts/type1/public/amsfonts/cm/cmbx8.pfb></
usr/local/texlive/2017/texmf-dist/fonts/type1/public/amsfonts/cm/cmcsc10.pfb></
usr/local/texlive/2017/texmf-dist/fonts/type1/public/amsfonts/cm/cmr10.pfb></us
r/local/texlive/2017/texmf-dist/fonts/type1/public/amsfonts/cm/cmr6.pfb></usr/l
ocal/texlive/2017/texmf-dist/fonts/type1/public/amsfonts/cm/cmr7.pfb></usr/loca
l/texlive/2017/texmf-dist/fonts/type1/public/amsfonts/cm/cmr8.pfb></usr/local/t
exlive/2017/texmf-dist/fonts/type1/public/amsfonts/cm/cmsy5.pfb></usr/local/tex
live/2017/texmf-dist/fonts/type1/public/amsfonts/cm/cmti10.pfb></usr/local/texl
ive/2017/texmf-dist/fonts/type1/public/amsfonts/cm/cmti8.pfb></usr/local/texliv
e/2017/texmf-dist/fonts/type1/public/amsfonts/cm/cmtt10.pfb>
Output written on LeddaM_cv.pdf (4 pages, 182664 bytes).
PDF statistics:
 83 PDF objects out of 1000 (max. 8388607)
 64 compressed objects within 1 object stream
 5 named destinations out of 1000 (max. 500000)
 1 words of extra memory for PDF output out of 10000 (max. 10000000)

